<?xml version="1.0" encoding="UTF-8"?>
<testng-results skipped="0" failed="0" total="1" passed="1">
  <reporter-output>
  </reporter-output>
  <suite name="Suite" duration-ms="11654" started-at="2018-04-09T14:22:20Z" finished-at="2018-04-09T14:22:31Z">
    <groups>
    </groups>
    <test name="Test" duration-ms="11654" started-at="2018-04-09T14:22:20Z" finished-at="2018-04-09T14:22:31Z">
      <class name="testNgData.LoginTest">
        <test-method status="PASS" signature="setUp()[pri:0, instance:testNgData.LoginTest@224edc67]" name="setUp" is-config="true" duration-ms="7896" started-at="2018-04-09T16:22:20Z" finished-at="2018-04-09T16:22:28Z">
          <reporter-output>
          </reporter-output>
        </test-method> <!-- setUp -->
        <test-method status="PASS" signature="loginTest()[pri:0, instance:testNgData.LoginTest@224edc67]" name="loginTest" duration-ms="2446" started-at="2018-04-09T16:22:28Z" finished-at="2018-04-09T16:22:30Z">
          <reporter-output>
          </reporter-output>
        </test-method> <!-- loginTest -->
        <test-method status="PASS" signature="tearDown()[pri:0, instance:testNgData.LoginTest@224edc67]" name="tearDown" is-config="true" duration-ms="1290" started-at="2018-04-09T16:22:30Z" finished-at="2018-04-09T16:22:31Z">
          <reporter-output>
          </reporter-output>
        </test-method> <!-- tearDown -->
      </class> <!-- testNgData.LoginTest -->
    </test> <!-- Test -->
  </suite> <!-- Suite -->
</testng-results>
